<?xml version="1.0" encoding="UTF-8"?>
<testsuite name="com.piorun.app.mail.EmailServiceTest" tests="1" skipped="0" failures="0" errors="0" timestamp="2019-11-27T08:17:30" hostname="WL359038.eu.tieto.com" time="0.144">
  <properties/>
  <testcase name="contextLoads" classname="com.piorun.app.mail.EmailServiceTest" time="0.144"/>
  <system-out><![CDATA[09:17:28.894 [Test worker] DEBUG org.springframework.test.context.junit4.SpringJUnit4ClassRunner - SpringJUnit4ClassRunner constructor called with [class com.piorun.app.mail.EmailServiceTest]
09:17:28.900 [Test worker] DEBUG org.springframework.test.context.BootstrapUtils - Instantiating CacheAwareContextLoaderDelegate from class [org.springframework.test.context.cache.DefaultCacheAwareContextLoaderDelegate]
09:17:28.906 [Test worker] DEBUG org.springframework.test.context.BootstrapUtils - Instantiating BootstrapContext using constructor [public org.springframework.test.context.support.DefaultBootstrapContext(java.lang.Class,org.springframework.test.context.CacheAwareContextLoaderDelegate)]
09:17:28.920 [Test worker] DEBUG org.springframework.test.context.BootstrapUtils - Instantiating TestContextBootstrapper for test class [com.piorun.app.mail.EmailServiceTest] from class [org.springframework.boot.test.context.SpringBootTestContextBootstrapper]
09:17:28.928 [Test worker] INFO org.springframework.boot.test.context.SpringBootTestContextBootstrapper - Neither @ContextConfiguration nor @ContextHierarchy found for test class [com.piorun.app.mail.EmailServiceTest], using SpringBootContextLoader
09:17:28.931 [Test worker] DEBUG org.springframework.test.context.support.AbstractContextLoader - Did not detect default resource location for test class [com.piorun.app.mail.EmailServiceTest]: class path resource [com/piorun/app/mail/EmailServiceTest-context.xml] does not exist
09:17:28.931 [Test worker] DEBUG org.springframework.test.context.support.AbstractContextLoader - Did not detect default resource location for test class [com.piorun.app.mail.EmailServiceTest]: class path resource [com/piorun/app/mail/EmailServiceTestContext.groovy] does not exist
09:17:28.931 [Test worker] INFO org.springframework.test.context.support.AbstractContextLoader - Could not detect default resource locations for test class [com.piorun.app.mail.EmailServiceTest]: no resource found for suffixes {-context.xml, Context.groovy}.
09:17:28.932 [Test worker] INFO org.springframework.test.context.support.AnnotationConfigContextLoaderUtils - Could not detect default configuration classes for test class [com.piorun.app.mail.EmailServiceTest]: EmailServiceTest does not declare any static, non-private, non-final, nested classes annotated with @Configuration.
09:17:28.960 [Test worker] DEBUG org.springframework.test.context.support.ActiveProfilesUtils - Could not find an 'annotation declaring class' for annotation type [org.springframework.test.context.ActiveProfiles] and class [com.piorun.app.mail.EmailServiceTest]
09:17:29.020 [Test worker] DEBUG org.springframework.context.annotation.ClassPathScanningCandidateComponentProvider - Identified candidate component class: file [/Users/piorumac/Desktop/MailApp/build/classes/java/main/com/piorun/app/App.class]
09:17:29.028 [Test worker] INFO org.springframework.boot.test.context.SpringBootTestContextBootstrapper - Found @SpringBootConfiguration com.piorun.app.App for test class com.piorun.app.mail.EmailServiceTest
09:17:29.099 [Test worker] DEBUG org.springframework.boot.test.context.SpringBootTestContextBootstrapper - @TestExecutionListeners is not present for class [com.piorun.app.mail.EmailServiceTest]: using defaults.
09:17:29.100 [Test worker] INFO org.springframework.boot.test.context.SpringBootTestContextBootstrapper - Loaded default TestExecutionListener class names from location [META-INF/spring.factories]: [org.springframework.test.context.web.ServletTestExecutionListener, org.springframework.test.context.support.DirtiesContextBeforeModesTestExecutionListener, org.springframework.test.context.support.DependencyInjectionTestExecutionListener, org.springframework.test.context.support.DirtiesContextTestExecutionListener, org.springframework.test.context.transaction.TransactionalTestExecutionListener, org.springframework.test.context.jdbc.SqlScriptsTestExecutionListener, org.springframework.boot.test.autoconfigure.restdocs.RestDocsTestExecutionListener, org.springframework.boot.test.autoconfigure.web.client.MockRestServiceServerResetTestExecutionListener, org.springframework.boot.test.autoconfigure.web.servlet.MockMvcPrintOnlyOnFailureTestExecutionListener, org.springframework.boot.test.autoconfigure.web.servlet.WebDriverTestExecutionListener, org.springframework.boot.test.mock.mockito.MockitoTestExecutionListener, org.springframework.boot.test.mock.mockito.ResetMocksTestExecutionListener]
09:17:29.106 [Test worker] DEBUG org.springframework.boot.test.context.SpringBootTestContextBootstrapper - Skipping candidate TestExecutionListener [org.springframework.test.context.transaction.TransactionalTestExecutionListener] due to a missing dependency. Specify custom listener classes or make the default listener classes and their required dependencies available. Offending class: [org/springframework/transaction/interceptor/TransactionAttributeSource]
09:17:29.107 [Test worker] DEBUG org.springframework.boot.test.context.SpringBootTestContextBootstrapper - Skipping candidate TestExecutionListener [org.springframework.test.context.jdbc.SqlScriptsTestExecutionListener] due to a missing dependency. Specify custom listener classes or make the default listener classes and their required dependencies available. Offending class: [org/springframework/transaction/interceptor/TransactionAttribute]
09:17:29.108 [Test worker] INFO org.springframework.boot.test.context.SpringBootTestContextBootstrapper - Using TestExecutionListeners: [org.springframework.test.context.web.ServletTestExecutionListener@1a402e80, org.springframework.test.context.support.DirtiesContextBeforeModesTestExecutionListener@464bf661, org.springframework.boot.test.mock.mockito.MockitoTestExecutionListener@7c21a5b2, org.springframework.boot.test.autoconfigure.SpringBootDependencyInjectionTestExecutionListener@13e870b8, org.springframework.test.context.support.DirtiesContextTestExecutionListener@847786b, org.springframework.boot.test.autoconfigure.restdocs.RestDocsTestExecutionListener@11a67ffc, org.springframework.boot.test.autoconfigure.web.client.MockRestServiceServerResetTestExecutionListener@605b444f, org.springframework.boot.test.autoconfigure.web.servlet.MockMvcPrintOnlyOnFailureTestExecutionListener@30e6854c, org.springframework.boot.test.autoconfigure.web.servlet.WebDriverTestExecutionListener@351271b, org.springframework.boot.test.mock.mockito.ResetMocksTestExecutionListener@212ae112]
09:17:29.110 [Test worker] DEBUG org.springframework.test.annotation.ProfileValueUtils - Retrieved @ProfileValueSourceConfiguration [null] for test class [com.piorun.app.mail.EmailServiceTest]
09:17:29.111 [Test worker] DEBUG org.springframework.test.annotation.ProfileValueUtils - Retrieved ProfileValueSource type [class org.springframework.test.annotation.SystemProfileValueSource] for class [com.piorun.app.mail.EmailServiceTest]
09:17:29.111 [Test worker] DEBUG org.springframework.test.annotation.ProfileValueUtils - Retrieved @ProfileValueSourceConfiguration [null] for test class [com.piorun.app.mail.EmailServiceTest]
09:17:29.111 [Test worker] DEBUG org.springframework.test.annotation.ProfileValueUtils - Retrieved ProfileValueSource type [class org.springframework.test.annotation.SystemProfileValueSource] for class [com.piorun.app.mail.EmailServiceTest]
09:17:29.115 [Test worker] DEBUG org.springframework.test.context.support.AbstractDirtiesContextTestExecutionListener - Before test class: context [DefaultTestContext@75459605 testClass = EmailServiceTest, testInstance = [null], testMethod = [null], testException = [null], mergedContextConfiguration = [WebMergedContextConfiguration@2ad8fdd5 testClass = EmailServiceTest, locations = '{}', classes = '{class com.piorun.app.App}', contextInitializerClasses = '[]', activeProfiles = '{}', propertySourceLocations = '{}', propertySourceProperties = '{org.springframework.boot.test.context.SpringBootTestContextBootstrapper=true}', contextCustomizers = set[org.springframework.boot.test.autoconfigure.properties.PropertyMappingContextCustomizer@0, org.springframework.boot.test.autoconfigure.web.servlet.WebDriverContextCustomizerFactory$Customizer@270b40fc, org.springframework.boot.test.context.filter.ExcludeFilterContextCustomizer@374d551a, org.springframework.boot.test.json.DuplicateJsonObjectContextCustomizerFactory$DuplicateJsonObjectContextCustomizer@2565d5d5, org.springframework.boot.test.mock.mockito.MockitoContextCustomizer@0, org.springframework.boot.test.web.client.TestRestTemplateContextCustomizer@322888c7], resourceBasePath = 'src/main/webapp', contextLoader = 'org.springframework.boot.test.context.SpringBootContextLoader', parent = [null]], attributes = map['org.springframework.test.context.web.ServletTestExecutionListener.activateListener' -> true]], class annotated with @DirtiesContext [false] with mode [null].
09:17:29.115 [Test worker] DEBUG org.springframework.test.annotation.ProfileValueUtils - Retrieved @ProfileValueSourceConfiguration [null] for test class [com.piorun.app.mail.EmailServiceTest]
09:17:29.115 [Test worker] DEBUG org.springframework.test.annotation.ProfileValueUtils - Retrieved ProfileValueSource type [class org.springframework.test.annotation.SystemProfileValueSource] for class [com.piorun.app.mail.EmailServiceTest]
09:17:29.130 [Test worker] DEBUG org.springframework.test.context.support.TestPropertySourceUtils - Adding inlined properties to environment: {spring.jmx.enabled=false, org.springframework.boot.test.context.SpringBootTestContextBootstrapper=true, server.port=-1}

  .   ____          _            __ _ _
 /\\ / ___'_ __ _ _(_)_ __  __ _ \ \ \ \
( ( )\___ | '_ | '_| | '_ \/ _` | \ \ \ \
 \\/  ___)| |_)| | | | | || (_| |  ) ) ) )
  '  |____| .__|_| |_|_| |_\__, | / / / /
 =========|_|==============|___/=/_/_/_/
 :: Spring Boot ::        (v2.1.6.RELEASE)

2019-11-27 09:17:29.310  INFO 12093 --- [    Test worker] com.piorun.app.mail.EmailServiceTest     : Starting EmailServiceTest on WL359038.eu.tieto.com with PID 12093 (started by piorumac in /Users/piorumac/Desktop/MailApp)
2019-11-27 09:17:29.311  INFO 12093 --- [    Test worker] com.piorun.app.mail.EmailServiceTest     : No active profile set, falling back to default profiles: default
2019-11-27 09:17:29.333 DEBUG 12093 --- [    Test worker] o.s.w.c.s.GenericWebApplicationContext   : Refreshing org.springframework.web.context.support.GenericWebApplicationContext@462aba7f
2019-11-27 09:17:30.231 DEBUG 12093 --- [    Test worker] o.s.w.s.handler.SimpleUrlHandlerMapping  : Patterns [/**/favicon.ico] in 'faviconHandlerMapping'
2019-11-27 09:17:30.365  INFO 12093 --- [    Test worker] o.s.s.concurrent.ThreadPoolTaskExecutor  : Initializing ExecutorService 'applicationTaskExecutor'
2019-11-27 09:17:30.378 DEBUG 12093 --- [    Test worker] s.w.s.m.m.a.RequestMappingHandlerAdapter : ControllerAdvice beans: 0 @ModelAttribute, 0 @InitBinder, 1 RequestBodyAdvice, 1 ResponseBodyAdvice
2019-11-27 09:17:30.433 DEBUG 12093 --- [    Test worker] s.w.s.m.m.a.RequestMappingHandlerMapping : 4 mappings in 'requestMappingHandlerMapping'
2019-11-27 09:17:30.448 DEBUG 12093 --- [    Test worker] o.s.w.s.handler.SimpleUrlHandlerMapping  : Patterns [/webjars/**, /**] in 'resourceHandlerMapping'
2019-11-27 09:17:30.457 DEBUG 12093 --- [    Test worker] .m.m.a.ExceptionHandlerExceptionResolver : ControllerAdvice beans: 0 @ExceptionHandler, 1 ResponseBodyAdvice
2019-11-27 09:17:30.539  INFO 12093 --- [    Test worker] o.s.s.c.ThreadPoolTaskScheduler          : Initializing ExecutorService 'taskScheduler'
2019-11-27 09:17:30.573  INFO 12093 --- [    Test worker] com.piorun.app.mail.EmailServiceTest     : Started EmailServiceTest in 1.436 seconds (JVM running for 2.129)
]]></system-out>
  <system-err><![CDATA[]]></system-err>
</testsuite>
